{"G:\\namaste-react\\components\\Contact.js": {"path":"G:\\namaste-react\\components\\Contact.js","statementMap":{"0":{"start":{"line":3,"column":16},"end":{"line":14,"column":1}},"1":{"start":{"line":4,"column":2},"end":{"line":13,"column":3}}},"fnMap":{"0":{"name":"(anonymous_0)","decl":{"start":{"line":3,"column":16},"end":{"line":3,"column":17}},"loc":{"start":{"line":3,"column":22},"end":{"line":14,"column":1}},"line":3}},"branchMap":{},"s":{"0":1,"1":4},"f":{"0":4},"b":{},"_coverageSchema":"1a1c01bbd47fc00a2c39e90264f33305004495a9","hash":"e84fcef57f3511bd9dd8f1a573148cc94a94ad5c"}
,"G:\\namaste-react\\components\\Header.js": {"path":"G:\\namaste-react\\components\\Header.js","statementMap":{"0":{"start":{"line":8,"column":15},"end":{"line":66,"column":1}},"1":{"start":{"line":9,"column":34},"end":{"line":9,"column":51}},"2":{"start":{"line":10,"column":23},"end":{"line":10,"column":40}},"3":{"start":{"line":11,"column":23},"end":{"line":11,"column":46}},"4":{"start":{"line":15,"column":16},"end":{"line":15,"column":54}},"5":{"start":{"line":15,"column":37},"end":{"line":15,"column":53}},"6":{"start":{"line":18,"column":2},"end":{"line":65,"column":4}},"7":{"start":{"line":50,"column":14},"end":{"line":52,"column":39}}},"fnMap":{"0":{"name":"(anonymous_0)","decl":{"start":{"line":8,"column":15},"end":{"line":8,"column":16}},"loc":{"start":{"line":8,"column":21},"end":{"line":66,"column":1}},"line":8},"1":{"name":"(anonymous_1)","decl":{"start":{"line":15,"column":28},"end":{"line":15,"column":29}},"loc":{"start":{"line":15,"column":37},"end":{"line":15,"column":53}},"line":15},"2":{"name":"(anonymous_2)","decl":{"start":{"line":49,"column":21},"end":{"line":49,"column":22}},"loc":{"start":{"line":49,"column":27},"end":{"line":53,"column":13}},"line":49}},"branchMap":{"0":{"loc":{"start":{"line":46,"column":33},"end":{"line":46,"column":70}},"type":"cond-expr","locations":[{"start":{"line":46,"column":48},"end":{"line":46,"column":57}},{"start":{"line":46,"column":60},"end":{"line":46,"column":70}}],"line":46},"1":{"loc":{"start":{"line":50,"column":14},"end":{"line":52,"column":38}},"type":"cond-expr","locations":[{"start":{"line":51,"column":18},"end":{"line":51,"column":39}},{"start":{"line":52,"column":18},"end":{"line":52,"column":38}}],"line":50}},"s":{"0":1,"1":4,"2":4,"3":4,"4":4,"5":7,"6":4,"7":1},"f":{"0":4,"1":7,"2":1},"b":{"0":[4,0],"1":[1,0]},"_coverageSchema":"1a1c01bbd47fc00a2c39e90264f33305004495a9","hash":"f0ab527d2e3d9c060d89b8fa66033167a4126f3e"}
,"G:\\namaste-react\\components\\sum.js": {"path":"G:\\namaste-react\\components\\sum.js","statementMap":{"0":{"start":{"line":4,"column":2},"end":{"line":4,"column":13}}},"fnMap":{"0":{"name":"sum","decl":{"start":{"line":3,"column":9},"end":{"line":3,"column":12}},"loc":{"start":{"line":3,"column":18},"end":{"line":5,"column":1}},"line":3}},"branchMap":{},"s":{"0":2},"f":{"0":2},"b":{},"_coverageSchema":"1a1c01bbd47fc00a2c39e90264f33305004495a9","hash":"5f44b562947f3713254af0fef423bd97ffc1d729"}
,"G:\\namaste-react\\utils\\UserContext.js": {"path":"G:\\namaste-react\\utils\\UserContext.js","statementMap":{"0":{"start":{"line":2,"column":19},"end":{"line":4,"column":2}}},"fnMap":{},"branchMap":{},"s":{"0":1},"f":{},"b":{},"_coverageSchema":"1a1c01bbd47fc00a2c39e90264f33305004495a9","hash":"595a73f41553c429bc746b7de9dd8bb68a69f5f7"}
,"G:\\namaste-react\\utils\\appStore.js": {"path":"G:\\namaste-react\\utils\\appStore.js","statementMap":{"0":{"start":{"line":3,"column":15},"end":{"line":9,"column":1}}},"fnMap":{},"branchMap":{},"s":{"0":1},"f":{},"b":{},"_coverageSchema":"1a1c01bbd47fc00a2c39e90264f33305004495a9","hash":"5c1d40f42e493297379a449d6e50cbaa8f9f47c7"}
,"G:\\namaste-react\\utils\\cartSlice.js": {"path":"G:\\namaste-react\\utils\\cartSlice.js","statementMap":{"0":{"start":{"line":3,"column":16},"end":{"line":19,"column":2}},"1":{"start":{"line":10,"column":8},"end":{"line":10,"column":41}},"2":{"start":{"line":13,"column":8},"end":{"line":13,"column":26}},"3":{"start":{"line":16,"column":8},"end":{"line":16,"column":29}},"4":{"start":{"line":21,"column":44},"end":{"line":21,"column":61}}},"fnMap":{"0":{"name":"(anonymous_0)","decl":{"start":{"line":9,"column":12},"end":{"line":9,"column":13}},"loc":{"start":{"line":9,"column":28},"end":{"line":11,"column":5}},"line":9},"1":{"name":"(anonymous_1)","decl":{"start":{"line":12,"column":15},"end":{"line":12,"column":16}},"loc":{"start":{"line":12,"column":24},"end":{"line":14,"column":5}},"line":12},"2":{"name":"(anonymous_2)","decl":{"start":{"line":15,"column":14},"end":{"line":15,"column":15}},"loc":{"start":{"line":15,"column":23},"end":{"line":17,"column":5}},"line":15}},"branchMap":{},"s":{"0":1,"1":0,"2":0,"3":0,"4":1},"f":{"0":0,"1":0,"2":0},"b":{},"_coverageSchema":"1a1c01bbd47fc00a2c39e90264f33305004495a9","hash":"bf394e9916d871013bf4fef0b592b0cc06edc762"}
,"G:\\namaste-react\\utils\\useOnlineStatus.js": {"path":"G:\\namaste-react\\utils\\useOnlineStatus.js","statementMap":{"0":{"start":{"line":3,"column":22},"end":{"line":18,"column":1}},"1":{"start":{"line":5,"column":36},"end":{"line":5,"column":50}},"2":{"start":{"line":7,"column":0},"end":{"line":14,"column":5}},"3":{"start":{"line":8,"column":0},"end":{"line":10,"column":2}},"4":{"start":{"line":9,"column":4},"end":{"line":9,"column":27}},"5":{"start":{"line":11,"column":0},"end":{"line":13,"column":2}},"6":{"start":{"line":12,"column":4},"end":{"line":12,"column":26}},"7":{"start":{"line":17,"column":4},"end":{"line":17,"column":24}}},"fnMap":{"0":{"name":"(anonymous_0)","decl":{"start":{"line":3,"column":22},"end":{"line":3,"column":23}},"loc":{"start":{"line":3,"column":26},"end":{"line":18,"column":1}},"line":3},"1":{"name":"(anonymous_1)","decl":{"start":{"line":7,"column":10},"end":{"line":7,"column":11}},"loc":{"start":{"line":7,"column":14},"end":{"line":14,"column":1}},"line":7},"2":{"name":"(anonymous_2)","decl":{"start":{"line":8,"column":34},"end":{"line":8,"column":35}},"loc":{"start":{"line":8,"column":38},"end":{"line":10,"column":1}},"line":8},"3":{"name":"(anonymous_3)","decl":{"start":{"line":11,"column":33},"end":{"line":11,"column":34}},"loc":{"start":{"line":11,"column":37},"end":{"line":13,"column":1}},"line":11}},"branchMap":{},"s":{"0":1,"1":4,"2":4,"3":3,"4":0,"5":3,"6":0,"7":4},"f":{"0":4,"1":3,"2":0,"3":0},"b":{},"_coverageSchema":"1a1c01bbd47fc00a2c39e90264f33305004495a9","hash":"d13cff612f457a150fb1891ac45e8b9a0cfb2280"}
}
