{"G:\\namaste-react\\components\\Body.js": {"path":"G:\\namaste-react\\components\\Body.js","statementMap":{"0":{"start":{"line":10,"column":13},"end":{"line":116,"column":1}},"1":{"start":{"line":12,"column":52},"end":{"line":12,"column":64}},"2":{"start":{"line":13,"column":54},"end":{"line":13,"column":66}},"3":{"start":{"line":14,"column":38},"end":{"line":14,"column":50}},"4":{"start":{"line":17,"column":2},"end":{"line":19,"column":9}},"5":{"start":{"line":18,"column":4},"end":{"line":18,"column":16}},"6":{"start":{"line":21,"column":20},"end":{"line":37,"column":3}},"7":{"start":{"line":22,"column":17},"end":{"line":24,"column":5}},"8":{"start":{"line":26,"column":17},"end":{"line":26,"column":34}},"9":{"start":{"line":27,"column":4},"end":{"line":27,"column":22}},"10":{"start":{"line":31,"column":4},"end":{"line":33,"column":6}},"11":{"start":{"line":34,"column":4},"end":{"line":36,"column":6}},"12":{"start":{"line":40,"column":23},"end":{"line":40,"column":40}},"13":{"start":{"line":41,"column":2},"end":{"line":47,"column":6}},"14":{"start":{"line":42,"column":4},"end":{"line":47,"column":6}},"15":{"start":{"line":49,"column":37},"end":{"line":49,"column":60}},"16":{"start":{"line":51,"column":2},"end":{"line":115,"column":4}},"17":{"start":{"line":62,"column":14},"end":{"line":62,"column":44}},"18":{"start":{"line":63,"column":14},"end":{"line":63,"column":38}},"19":{"start":{"line":73,"column":14},"end":{"line":73,"column":38}},"20":{"start":{"line":74,"column":41},"end":{"line":76,"column":15}},"21":{"start":{"line":75,"column":16},"end":{"line":75,"column":78}},"22":{"start":{"line":77,"column":14},"end":{"line":77,"column":56}},"23":{"start":{"line":85,"column":37},"end":{"line":87,"column":17}},"24":{"start":{"line":86,"column":27},"end":{"line":86,"column":49}},"25":{"start":{"line":88,"column":16},"end":{"line":88,"column":52}},"26":{"start":{"line":96,"column":90},"end":{"line":96,"column":117}},"27":{"start":{"line":105,"column":10},"end":{"line":111,"column":17}}},"fnMap":{"0":{"name":"(anonymous_0)","decl":{"start":{"line":10,"column":13},"end":{"line":10,"column":14}},"loc":{"start":{"line":10,"column":19},"end":{"line":116,"column":1}},"line":10},"1":{"name":"(anonymous_1)","decl":{"start":{"line":17,"column":12},"end":{"line":17,"column":13}},"loc":{"start":{"line":17,"column":18},"end":{"line":19,"column":3}},"line":17},"2":{"name":"(anonymous_2)","decl":{"start":{"line":21,"column":20},"end":{"line":21,"column":21}},"loc":{"start":{"line":21,"column":32},"end":{"line":37,"column":3}},"line":21},"3":{"name":"(anonymous_3)","decl":{"start":{"line":61,"column":22},"end":{"line":61,"column":23}},"loc":{"start":{"line":61,"column":29},"end":{"line":64,"column":13}},"line":61},"4":{"name":"(anonymous_4)","decl":{"start":{"line":69,"column":21},"end":{"line":69,"column":22}},"loc":{"start":{"line":69,"column":27},"end":{"line":78,"column":13}},"line":69},"5":{"name":"(anonymous_5)","decl":{"start":{"line":74,"column":66},"end":{"line":74,"column":67}},"loc":{"start":{"line":75,"column":16},"end":{"line":75,"column":78}},"line":75},"6":{"name":"(anonymous_6)","decl":{"start":{"line":84,"column":23},"end":{"line":84,"column":24}},"loc":{"start":{"line":84,"column":29},"end":{"line":89,"column":15}},"line":84},"7":{"name":"(anonymous_7)","decl":{"start":{"line":86,"column":18},"end":{"line":86,"column":19}},"loc":{"start":{"line":86,"column":27},"end":{"line":86,"column":49}},"line":86},"8":{"name":"(anonymous_8)","decl":{"start":{"line":96,"column":85},"end":{"line":96,"column":86}},"loc":{"start":{"line":96,"column":90},"end":{"line":96,"column":117}},"line":96},"9":{"name":"(anonymous_9)","decl":{"start":{"line":104,"column":33},"end":{"line":104,"column":34}},"loc":{"start":{"line":105,"column":10},"end":{"line":111,"column":17}},"line":105}},"branchMap":{"0":{"loc":{"start":{"line":41,"column":2},"end":{"line":47,"column":6}},"type":"if","locations":[{"start":{"line":41,"column":2},"end":{"line":47,"column":6}},{"start":{},"end":{}}],"line":41},"1":{"loc":{"start":{"line":51,"column":9},"end":{"line":115,"column":3}},"type":"cond-expr","locations":[{"start":{"line":52,"column":4},"end":{"line":52,"column":15}},{"start":{"line":54,"column":4},"end":{"line":114,"column":10}}],"line":51}},"s":{"0":2,"1":7,"2":7,"3":7,"4":7,"5":2,"6":7,"7":2,"8":2,"9":2,"10":2,"11":2,"12":7,"13":7,"14":0,"15":7,"16":7,"17":1,"18":1,"19":1,"20":1,"21":20,"22":1,"23":1,"24":20,"25":1,"26":0,"27":73},"f":{"0":7,"1":2,"2":2,"3":1,"4":1,"5":20,"6":1,"7":20,"8":0,"9":73},"b":{"0":[0,7],"1":[2,5]},"_coverageSchema":"1a1c01bbd47fc00a2c39e90264f33305004495a9","hash":"e16f2600ba939d91293d076f82ecc2c0e587eb3a"}
}
