TN:
SF:components\Body.js
FN:10,(anonymous_0)
FN:17,(anonymous_1)
FN:21,(anonymous_2)
FN:61,(anonymous_3)
FN:69,(anonymous_4)
FN:74,(anonymous_5)
FN:84,(anonymous_6)
FN:86,(anonymous_7)
FN:96,(anonymous_8)
FN:104,(anonymous_9)
FNF:10
FNH:6
FNDA:3,(anonymous_0)
FNDA:1,(anonymous_1)
FNDA:1,(anonymous_2)
FNDA:0,(anonymous_3)
FNDA:0,(anonymous_4)
FNDA:0,(anonymous_5)
FNDA:1,(anonymous_6)
FNDA:20,(anonymous_7)
FNDA:0,(anonymous_8)
FNDA:32,(anonymous_9)
DA:10,1
DA:12,3
DA:13,3
DA:14,3
DA:17,3
DA:18,1
DA:21,3
DA:22,1
DA:26,1
DA:27,1
DA:31,1
DA:34,1
DA:40,3
DA:41,3
DA:42,0
DA:49,3
DA:51,3
DA:62,0
DA:63,0
DA:73,0
DA:74,0
DA:75,0
DA:77,0
DA:85,1
DA:86,20
DA:88,1
DA:96,0
DA:105,32
LF:28
LH:20
BRDA:41,0,0,0
BRDA:41,0,1,3
BRDA:51,1,0,1
BRDA:51,1,1,2
BRF:4
BRH:3
end_of_record
TN:
SF:components\Cart.js
FN:4,(anonymous_0)
FN:6,(anonymous_1)
FN:10,(anonymous_2)
FNF:3
FNH:3
FNDA:4,(anonymous_0)
FNDA:8,(anonymous_1)
FNDA:1,(anonymous_2)
DA:4,1
DA:6,8
DA:8,4
DA:10,4
DA:11,1
DA:14,4
LF:6
LH:6
BRDA:18,0,0,4
BRDA:18,0,1,2
BRF:2
BRH:2
end_of_record
TN:
SF:components\Contact.js
FN:3,(anonymous_0)
FNF:1
FNH:1
FNDA:4,(anonymous_0)
DA:3,1
DA:4,4
LF:2
LH:2
BRF:0
BRH:0
end_of_record
TN:
SF:components\Header.js
FN:8,(anonymous_0)
FN:15,(anonymous_1)
FN:49,(anonymous_2)
FNF:3
FNH:2
FNDA:4,(anonymous_0)
FNDA:8,(anonymous_1)
FNDA:0,(anonymous_2)
DA:8,1
DA:9,4
DA:10,4
DA:11,4
DA:15,8
DA:18,4
DA:50,0
LF:7
LH:6
BRDA:46,0,0,4
BRDA:46,0,1,0
BRDA:50,1,0,0
BRDA:50,1,1,0
BRF:4
BRH:1
end_of_record
TN:
SF:components\ItemList.js
FN:6,ItemList
FN:10,(anonymous_1)
FN:17,(anonymous_2)
FN:38,(anonymous_3)
FNF:4
FNH:4
FNDA:5,ItemList
FNDA:2,(anonymous_1)
FNDA:19,(anonymous_2)
FNDA:2,(anonymous_3)
DA:9,5
DA:10,5
DA:12,2
DA:15,5
DA:18,19
DA:39,2
LF:6
LH:6
BRDA:27,0,0,19
BRDA:27,0,1,0
BRF:2
BRH:1
end_of_record
TN:
SF:components\RestaurantMenu.js
FN:7,(anonymous_0)
FN:22,(anonymous_1)
FN:34,(anonymous_2)
FN:36,(anonymous_3)
FNF:4
FNH:4
FNDA:3,(anonymous_0)
FNDA:12,(anonymous_1)
FNDA:6,(anonymous_2)
FNDA:1,(anonymous_3)
DA:7,1
DA:9,3
DA:11,3
DA:12,3
DA:14,3
DA:16,2
DA:19,2
DA:22,12
DA:26,2
DA:34,6
DA:36,1
LF:11
LH:11
BRDA:14,0,0,1
BRDA:14,0,1,2
BRDA:35,1,0,1
BRDA:35,1,1,5
BRF:4
BRH:4
end_of_record
TN:
SF:utils\appStore.js
FNF:0
FNH:0
DA:3,1
LF:1
LH:1
BRF:0
BRH:0
end_of_record
